<?xml version="1.0" encoding="UTF-8"?>
<!-- Generated by org.testng.reporters.JUnitXMLReporter -->
<testsuite ignored="0" hostname="Hemant-Payal" failures="0" tests="3" name="Default test" time="98.816" errors="0" timestamp="2025-01-09T10:52:03 IST">
  <testcase classname="com.comcast.crm.contactTest.ContactTest" name="CreateContactTest" time="18.098"/>
  <testcase classname="com.comcast.crm.contactTest.ContactTest" name="createContactWithOrg" time="35.669"/>
  <testcase classname="com.comcast.crm.contactTest.ContactTest" name="createContactWithSupprotDate" time="17.605"/>
</testsuite> <!-- Default test -->
