<?xml version="1.0" encoding="UTF-8"?>
<testng-results ignored="0" total="2" passed="2" failed="0" skipped="0">
  <reporter-output>
  </reporter-output>
  <suite started-at="2025-01-09T11:54:57 IST" name="Suite" finished-at="2025-01-09T11:55:55 IST" duration-ms="58793">
    <groups>
      <group name="smoketest">
        <method signature="ContactTest.CreateContactTest()[pri:0, instance:com.comcast.crm.contactTest.ContactTest@245b4bdc]" name="CreateContactTest" class="com.comcast.crm.contactTest.ContactTest"/>
        <method signature="OrganizationTest.CreateOrgTest()[pri:0, instance:com.comcast.crm.orgTest.OrganizationTest@6b81ce95]" name="CreateOrgTest" class="com.comcast.crm.orgTest.OrganizationTest"/>
      </group> <!-- smoketest -->
    </groups>
    <test started-at="2025-01-09T11:54:57 IST" name="Test" finished-at="2025-01-09T11:55:55 IST" duration-ms="58793">
      <class name="com.comcast.crm.contactTest.ContactTest">
        <test-method is-config="true" signature="configBC()[pri:0, instance:com.comcast.crm.contactTest.ContactTest@245b4bdc]" started-at="2025-01-09T11:55:27 IST" name="configBC" finished-at="2025-01-09T11:55:28 IST" duration-ms="1616" status="PASS">
          <reporter-output>
          </reporter-output>
        </test-method> <!-- configBC -->
        <test-method is-config="true" signature="configBM()[pri:0, instance:com.comcast.crm.contactTest.ContactTest@245b4bdc]" started-at="2025-01-09T11:55:28 IST" name="configBM" finished-at="2025-01-09T11:55:35 IST" duration-ms="6376" status="PASS">
          <reporter-output>
          </reporter-output>
        </test-method> <!-- configBM -->
        <test-method signature="CreateContactTest()[pri:0, instance:com.comcast.crm.contactTest.ContactTest@245b4bdc]" started-at="2025-01-09T11:55:35 IST" name="CreateContactTest" finished-at="2025-01-09T11:55:52 IST" duration-ms="17837" status="PASS">
          <reporter-output>
          </reporter-output>
        </test-method> <!-- CreateContactTest -->
        <test-method is-config="true" signature="configAM()[pri:0, instance:com.comcast.crm.contactTest.ContactTest@245b4bdc]" started-at="2025-01-09T11:55:52 IST" name="configAM" finished-at="2025-01-09T11:55:55 IST" duration-ms="2571" status="PASS">
          <reporter-output>
          </reporter-output>
        </test-method> <!-- configAM -->
        <test-method is-config="true" signature="configAC()[pri:0, instance:com.comcast.crm.contactTest.ContactTest@245b4bdc]" started-at="2025-01-09T11:55:55 IST" name="configAC" finished-at="2025-01-09T11:55:55 IST" duration-ms="313" status="PASS">
          <reporter-output>
          </reporter-output>
        </test-method> <!-- configAC -->
      </class> <!-- com.comcast.crm.contactTest.ContactTest -->
      <class name="com.comcast.crm.orgTest.OrganizationTest">
        <test-method is-config="true" signature="configBS()[pri:0, instance:com.comcast.crm.orgTest.OrganizationTest@6b81ce95]" started-at="2025-01-09T11:54:57 IST" name="configBS" finished-at="2025-01-09T11:54:57 IST" duration-ms="18" status="PASS">
          <reporter-output>
          </reporter-output>
        </test-method> <!-- configBS -->
        <test-method is-config="true" signature="configBC()[pri:0, instance:com.comcast.crm.orgTest.OrganizationTest@6b81ce95]" started-at="2025-01-09T11:54:57 IST" name="configBC" finished-at="2025-01-09T11:54:59 IST" duration-ms="2190" status="PASS">
          <reporter-output>
          </reporter-output>
        </test-method> <!-- configBC -->
        <test-method is-config="true" signature="configBM()[pri:0, instance:com.comcast.crm.orgTest.OrganizationTest@6b81ce95]" started-at="2025-01-09T11:54:59 IST" name="configBM" finished-at="2025-01-09T11:55:05 IST" duration-ms="6335" status="PASS">
          <reporter-output>
          </reporter-output>
        </test-method> <!-- configBM -->
        <test-method signature="CreateOrgTest()[pri:0, instance:com.comcast.crm.orgTest.OrganizationTest@6b81ce95]" started-at="2025-01-09T11:55:05 IST" name="CreateOrgTest" finished-at="2025-01-09T11:55:24 IST" duration-ms="18455" status="PASS">
          <reporter-output>
          </reporter-output>
        </test-method> <!-- CreateOrgTest -->
        <test-method is-config="true" signature="configAM()[pri:0, instance:com.comcast.crm.orgTest.OrganizationTest@6b81ce95]" started-at="2025-01-09T11:55:24 IST" name="configAM" finished-at="2025-01-09T11:55:26 IST" duration-ms="2639" status="PASS">
          <reporter-output>
          </reporter-output>
        </test-method> <!-- configAM -->
        <test-method is-config="true" signature="configAC()[pri:0, instance:com.comcast.crm.orgTest.OrganizationTest@6b81ce95]" started-at="2025-01-09T11:55:26 IST" name="configAC" finished-at="2025-01-09T11:55:27 IST" duration-ms="382" status="PASS">
          <reporter-output>
          </reporter-output>
        </test-method> <!-- configAC -->
        <test-method is-config="true" signature="configAS()[pri:0, instance:com.comcast.crm.orgTest.OrganizationTest@6b81ce95]" started-at="2025-01-09T11:55:55 IST" name="configAS" finished-at="2025-01-09T11:55:55 IST" duration-ms="0" status="PASS">
          <reporter-output>
          </reporter-output>
        </test-method> <!-- configAS -->
      </class> <!-- com.comcast.crm.orgTest.OrganizationTest -->
    </test> <!-- Test -->
  </suite> <!-- Suite -->
</testng-results>
