<?xml version="1.0" encoding="UTF-8"?>
<!-- Generated by org.testng.reporters.JUnitXMLReporter -->
<testsuite ignored="2" hostname="Hemant-Payal" failures="0" tests="1" name="Test" time="13.266" errors="0" timestamp="2025-01-06T12:37:20 IST">
  <testcase classname="com.comcast.crm.contactTest.ContactTest" name="CreateContactTest" time="7.561"/>
  <testcase classname="com.comcast.crm.contactTest.ContactTest" name="createContactWithOrg" time="0.0">
    <ignored/>
  </testcase> <!-- createContactWithOrg -->
  <testcase classname="com.comcast.crm.contactTest.ContactTest" name="createContactWithSupprotDate" time="0.0">
    <ignored/>
  </testcase> <!-- createContactWithSupprotDate -->
</testsuite> <!-- Test -->
