<?xml version="1.0" encoding="UTF-8"?>
<!-- Generated by org.testng.reporters.JUnitXMLReporter -->
<testsuite ignored="6" hostname="Hemant-Payal" failures="0" tests="2" name="Test" time="58.793" errors="0" timestamp="2025-01-09T11:55:55 IST">
  <testcase classname="com.comcast.crm.orgTest.OrganizationTest" name="CreateOrgTest" time="18.455"/>
  <testcase classname="com.comcast.crm.contactTest.ContactTest" name="CreateContactTest" time="17.837"/>
  <testcase classname="com.comcast.crm.contactTest.ContactTest" name="createContactWithOrg" time="0.0">
    <ignored/>
  </testcase> <!-- createContactWithOrg -->
  <testcase classname="com.comcast.crm.orgTest.OrganizationTest" name="CreateOrgWithIndustryNType" time="0.0">
    <ignored/>
  </testcase> <!-- CreateOrgWithIndustryNType -->
  <testcase classname="com.comcast.crm.orgTest.OrganizationTest" name="CreateOrganizationWithPhoneNumber" time="0.0">
    <ignored/>
  </testcase> <!-- CreateOrganizationWithPhoneNumber -->
  <testcase classname="com.comcast.crm.contactTest.ContactTest" name="createContactWithSupprotDate" time="0.0">
    <ignored/>
  </testcase> <!-- createContactWithSupprotDate -->
  <testcase classname="com.comcast.crm.BaseClassUtility.BaseClass" name="@AfterSuite configAS" time="0.0">
    <ignored/>
  </testcase> <!-- @AfterSuite configAS -->
  <testcase classname="com.comcast.crm.BaseClassUtility.BaseClass" name="@BeforeSuite configBS" time="0.0">
    <ignored/>
  </testcase> <!-- @BeforeSuite configBS -->
</testsuite> <!-- Test -->
