<?xml version="1.0" encoding="UTF-8"?>
<testng-results ignored="0" total="3" passed="3" failed="0" skipped="0">
  <reporter-output>
  </reporter-output>
  <suite started-at="2025-01-09T10:50:25 IST" name="Default suite" finished-at="2025-01-09T10:52:03 IST" duration-ms="98816">
    <groups>
      <group name="regressiontest">
        <method signature="ContactTest.createContactWithOrg()[pri:0, instance:com.comcast.crm.contactTest.ContactTest@1189dd52]" name="createContactWithOrg" class="com.comcast.crm.contactTest.ContactTest"/>
        <method signature="ContactTest.createContactWithSupprotDate()[pri:0, instance:com.comcast.crm.contactTest.ContactTest@1189dd52]" name="createContactWithSupprotDate" class="com.comcast.crm.contactTest.ContactTest"/>
      </group> <!-- regressiontest -->
      <group name="smoketest">
        <method signature="ContactTest.CreateContactTest()[pri:0, instance:com.comcast.crm.contactTest.ContactTest@1189dd52]" name="CreateContactTest" class="com.comcast.crm.contactTest.ContactTest"/>
      </group> <!-- smoketest -->
    </groups>
    <test started-at="2025-01-09T10:50:25 IST" name="Default test" finished-at="2025-01-09T10:52:03 IST" duration-ms="98816">
      <class name="com.comcast.crm.contactTest.ContactTest">
        <test-method is-config="true" signature="configBS()[pri:0, instance:com.comcast.crm.contactTest.ContactTest@1189dd52]" started-at="2025-01-09T10:50:25 IST" name="configBS" finished-at="2025-01-09T10:50:25 IST" duration-ms="8" status="PASS">
          <reporter-output>
          </reporter-output>
        </test-method> <!-- configBS -->
        <test-method is-config="true" signature="configBC()[pri:0, instance:com.comcast.crm.contactTest.ContactTest@1189dd52]" started-at="2025-01-09T10:50:25 IST" name="configBC" finished-at="2025-01-09T10:50:27 IST" duration-ms="2466" status="PASS">
          <reporter-output>
          </reporter-output>
        </test-method> <!-- configBC -->
        <test-method is-config="true" signature="configBM()[pri:0, instance:com.comcast.crm.contactTest.ContactTest@1189dd52]" started-at="2025-01-09T10:50:27 IST" name="configBM" finished-at="2025-01-09T10:50:33 IST" duration-ms="6256" status="PASS">
          <reporter-output>
          </reporter-output>
        </test-method> <!-- configBM -->
        <test-method signature="CreateContactTest()[pri:0, instance:com.comcast.crm.contactTest.ContactTest@1189dd52]" started-at="2025-01-09T10:50:33 IST" name="CreateContactTest" finished-at="2025-01-09T10:50:51 IST" duration-ms="18098" status="PASS">
          <reporter-output>
          </reporter-output>
        </test-method> <!-- CreateContactTest -->
        <test-method is-config="true" signature="configAM()[pri:0, instance:com.comcast.crm.contactTest.ContactTest@1189dd52]" started-at="2025-01-09T10:50:51 IST" name="configAM" finished-at="2025-01-09T10:50:54 IST" duration-ms="2566" status="PASS">
          <reporter-output>
          </reporter-output>
        </test-method> <!-- configAM -->
        <test-method is-config="true" signature="configBM()[pri:0, instance:com.comcast.crm.contactTest.ContactTest@1189dd52]" started-at="2025-01-09T10:50:54 IST" name="configBM" finished-at="2025-01-09T10:51:00 IST" duration-ms="5649" status="PASS">
          <reporter-output>
          </reporter-output>
        </test-method> <!-- configBM -->
        <test-method signature="createContactWithOrg()[pri:0, instance:com.comcast.crm.contactTest.ContactTest@1189dd52]" started-at="2025-01-09T10:51:00 IST" name="createContactWithOrg" finished-at="2025-01-09T10:51:35 IST" duration-ms="35669" status="PASS">
          <reporter-output>
          </reporter-output>
        </test-method> <!-- createContactWithOrg -->
        <test-method is-config="true" signature="configAM()[pri:0, instance:com.comcast.crm.contactTest.ContactTest@1189dd52]" started-at="2025-01-09T10:51:35 IST" name="configAM" finished-at="2025-01-09T10:51:38 IST" duration-ms="2498" status="PASS">
          <reporter-output>
          </reporter-output>
        </test-method> <!-- configAM -->
        <test-method is-config="true" signature="configBM()[pri:0, instance:com.comcast.crm.contactTest.ContactTest@1189dd52]" started-at="2025-01-09T10:51:38 IST" name="configBM" finished-at="2025-01-09T10:51:43 IST" duration-ms="5257" status="PASS">
          <reporter-output>
          </reporter-output>
        </test-method> <!-- configBM -->
        <test-method signature="createContactWithSupprotDate()[pri:0, instance:com.comcast.crm.contactTest.ContactTest@1189dd52]" started-at="2025-01-09T10:51:43 IST" name="createContactWithSupprotDate" finished-at="2025-01-09T10:52:01 IST" duration-ms="17605" status="PASS">
          <reporter-output>
          </reporter-output>
        </test-method> <!-- createContactWithSupprotDate -->
        <test-method is-config="true" signature="configAM()[pri:0, instance:com.comcast.crm.contactTest.ContactTest@1189dd52]" started-at="2025-01-09T10:52:01 IST" name="configAM" finished-at="2025-01-09T10:52:03 IST" duration-ms="2370" status="PASS">
          <reporter-output>
          </reporter-output>
        </test-method> <!-- configAM -->
        <test-method is-config="true" signature="configAC()[pri:0, instance:com.comcast.crm.contactTest.ContactTest@1189dd52]" started-at="2025-01-09T10:52:03 IST" name="configAC" finished-at="2025-01-09T10:52:03 IST" duration-ms="333" status="PASS">
          <reporter-output>
          </reporter-output>
        </test-method> <!-- configAC -->
        <test-method is-config="true" signature="configAS()[pri:0, instance:com.comcast.crm.contactTest.ContactTest@1189dd52]" started-at="2025-01-09T10:52:03 IST" name="configAS" finished-at="2025-01-09T10:52:03 IST" duration-ms="1" status="PASS">
          <reporter-output>
          </reporter-output>
        </test-method> <!-- configAS -->
      </class> <!-- com.comcast.crm.contactTest.ContactTest -->
    </test> <!-- Default test -->
  </suite> <!-- Default suite -->
</testng-results>
