<?xml version="1.0" encoding="UTF-8"?>
<testng-results ignored="2" total="3" passed="1" failed="0" skipped="0">
  <reporter-output>
  </reporter-output>
  <suite started-at="2025-01-06T12:37:07 IST" name="Suite" finished-at="2025-01-06T12:37:20 IST" duration-ms="13266">
    <groups>
      <group name="smoketest">
        <method signature="ContactTest.CreateContactTest()[pri:0, instance:com.comcast.crm.contactTest.ContactTest@16d04d3d]" name="CreateContactTest" class="com.comcast.crm.contactTest.ContactTest"/>
      </group> <!-- smoketest -->
    </groups>
    <test started-at="2025-01-06T12:37:07 IST" name="Test" finished-at="2025-01-06T12:37:20 IST" duration-ms="13266">
      <class name="com.comcast.crm.contactTest.ContactTest">
        <test-method is-config="true" signature="configBS()[pri:0, instance:com.comcast.crm.contactTest.ContactTest@16d04d3d]" started-at="2025-01-06T12:37:07 IST" name="configBS" finished-at="2025-01-06T12:37:07 IST" duration-ms="6" status="PASS">
          <reporter-output>
          </reporter-output>
        </test-method> <!-- configBS -->
        <test-method is-config="true" signature="configBC()[pri:0, instance:com.comcast.crm.contactTest.ContactTest@16d04d3d]" started-at="2025-01-06T12:37:07 IST" name="configBC" finished-at="2025-01-06T12:37:09 IST" duration-ms="1535" status="PASS">
          <reporter-output>
          </reporter-output>
        </test-method> <!-- configBC -->
        <test-method is-config="true" signature="configBM()[pri:0, instance:com.comcast.crm.contactTest.ContactTest@16d04d3d]" started-at="2025-01-06T12:37:09 IST" name="configBM" finished-at="2025-01-06T12:37:12 IST" duration-ms="2838" status="PASS">
          <reporter-output>
          </reporter-output>
        </test-method> <!-- configBM -->
        <test-method signature="CreateContactTest()[pri:0, instance:com.comcast.crm.contactTest.ContactTest@16d04d3d]" started-at="2025-01-06T12:37:12 IST" name="CreateContactTest" finished-at="2025-01-06T12:37:19 IST" duration-ms="7561" status="PASS">
          <reporter-output>
          </reporter-output>
        </test-method> <!-- CreateContactTest -->
        <test-method is-config="true" signature="configAM()[pri:0, instance:com.comcast.crm.contactTest.ContactTest@16d04d3d]" started-at="2025-01-06T12:37:19 IST" name="configAM" finished-at="2025-01-06T12:37:20 IST" duration-ms="1113" status="PASS">
          <reporter-output>
          </reporter-output>
        </test-method> <!-- configAM -->
        <test-method is-config="true" signature="configAC()[pri:0, instance:com.comcast.crm.contactTest.ContactTest@16d04d3d]" started-at="2025-01-06T12:37:20 IST" name="configAC" finished-at="2025-01-06T12:37:20 IST" duration-ms="192" status="PASS">
          <reporter-output>
          </reporter-output>
        </test-method> <!-- configAC -->
        <test-method is-config="true" signature="configAS()[pri:0, instance:com.comcast.crm.contactTest.ContactTest@16d04d3d]" started-at="2025-01-06T12:37:20 IST" name="configAS" finished-at="2025-01-06T12:37:20 IST" duration-ms="0" status="PASS">
          <reporter-output>
          </reporter-output>
        </test-method> <!-- configAS -->
      </class> <!-- com.comcast.crm.contactTest.ContactTest -->
    </test> <!-- Test -->
  </suite> <!-- Suite -->
</testng-results>
